<?xml version="1.0" encoding="UTF-8"?>
<!-- Generated by org.testng.reporters.JUnitReportReporter -->
<testsuite skipped="0" hostname="LAPTOP-U5RJ2U34" name="appTests.SeleniumDev" tests="1" failures="0" timestamp="2021-10-13T15:12:51 IST" time="26.745" errors="0">
  <testcase name="titleTest" time="26.745" classname="appTests.SeleniumDev"/>
  <system-out/>
</testsuite> <!-- appTests.SeleniumDev -->
