<?xml version="1.0" encoding="UTF-8"?>
<!-- Generated by org.testng.reporters.JUnitReportReporter -->
<testsuite skipped="0" hostname="LAPTOP-U5RJ2U34" name="appTests.AppTest" tests="2" failures="0" timestamp="2021-10-13T13:50:36 IST" time="0.019" errors="0">
  <testcase name="loginTest" time="0.016" classname="appTests.AppTest"/>
  <system-out/>
  <testcase name="loginTestInvalid" time="0.003" classname="appTests.AppTest"/>
  <system-out/>
</testsuite> <!-- appTests.AppTest -->
