<?xml version="1.0" encoding="UTF-8"?>
<!-- Generated by org.testng.reporters.JUnitReportReporter -->
<testsuite skipped="0" hostname="LAPTOP-U5RJ2U34" name="appTests.NumberComparison" tests="1" failures="0" timestamp="13 Oct 2021 10:01:16 GMT" time="0.000" errors="0">
  <testcase name="intComparison" time="0.000" classname="appTests.NumberComparison"/>
</testsuite> <!-- appTests.NumberComparison -->
