<?xml version="1.0" encoding="UTF-8"?>
<!-- Generated by org.testng.reporters.JUnitReportReporter -->
<testsuite skipped="0" hostname="LAPTOP-U5RJ2U34" name="appTests.AppTest" tests="2" failures="0" timestamp="13 Oct 2021 10:01:16 GMT" time="0.015" errors="0">
  <testcase name="loginTest" time="0.014" classname="appTests.AppTest"/>
  <testcase name="loginTestInvalid" time="0.001" classname="appTests.AppTest"/>
</testsuite> <!-- appTests.AppTest -->
